<?xml version="1.0" encoding="UTF-8"?>
<testsuite xmlns:xsi="http://www.w3.org/2001/XMLSchema-instance" xsi:noNamespaceSchemaLocation="https://maven.apache.org/surefire/maven-surefire-plugin/xsd/surefire-test-report.xsd" name="MessageJUnitTests" time="0.031" tests="8" errors="0" skipped="0" failures="0">
  <properties>
[...]
</properties>
  <testcase name="testRecipientValidation" classname="MessageJUnitTests" time="0.014"/>
  <testcase name="testAssignmentTestData" classname="MessageJUnitTests" time="0"/>
  <testcase name="testJSONStorage" classname="MessageJUnitTests" time="0.006"/>
  <testcase name="testMessageLengthValidation" classname="MessageJUnitTests" time="0.001"/>
  <testcase name="testMessageCounter" classname="MessageJUnitTests" time="0.001"/>
  <testcase name="testMessageHashCreation" classname="MessageJUnitTests" time="0.003"/>
  <testcase name="testMessageIDCreation" classname="MessageJUnitTests" time="0.002"/>
  <testcase name="testPrintMessages" classname="MessageJUnitTests" time="0.001"/>
</testsuite>